========================================
[2026-05-22 07:13:51] 开始更新 GeoIP 数据库
========================================
[2026-05-22 07:13:51] [INFO] 脚本目录: /c/Users/sunbingchen/工作区/GoAccess-管理/GeoIP
[2026-05-22 07:13:51] [INFO] GeoIP 目录: /c/Users/sunbingchen/工作区/GoAccess-管理/GeoIP
========================================
[2026-05-22 07:14:06] 开始更新 GeoIP 数据库
========================================
[2026-05-22 07:14:06] [INFO] 脚本目录: /c/Users/sunbingchen/工作区/GoAccess-管理/GeoIP
[2026-05-22 07:14:07] [INFO] GeoIP 目录: /c/Users/sunbingchen/工作区/GoAccess-管理/GeoIP
[2026-05-22 07:14:07] [INFO] 检测操作系统...
[2026-05-22 07:14:07] [INFO] 检测到 Windows 系统 (Git Bash)
[2026-05-22 07:14:07] [INFO] 检查磁盘空间...
========================================
[2026-05-22 07:15:30] 开始更新 GeoIP 数据库
========================================
[2026-05-22 07:15:30] [INFO] 脚本目录: /c/Users/sunbingchen/工作区/GoAccess-管理/GeoIP
[2026-05-22 07:15:30] [INFO] GeoIP 目录: /c/Users/sunbingchen/工作区/GoAccess-管理/GeoIP
[2026-05-22 07:15:30] [INFO] 检测操作系统...
[2026-05-22 07:15:30] [INFO] 检测到 Windows 系统 (Git Bash)
[2026-05-22 07:15:30] [INFO] 检查磁盘空间...
[2026-05-22 07:15:31] [INFO] 获取最新 release 版本...
[2026-05-22 07:15:32] [INFO] 下载地址: https://github.com/Loyalsoldier/geoip/releases/download/202605210051/Country.mmdb
[2026-05-22 07:15:32] [INFO] 校验文件: https://github.com/Loyalsoldier/geoip/releases/download/202605210051/Country.mmdb.sha256sum
[2026-05-22 07:15:33] [INFO] 下载尝试 1/3: Country.mmdb
[2026-05-22 07:15:52] [WARNING] 下载失败，等待重试...
[2026-05-22 07:16:02] [INFO] 下载尝试 2/3: Country.mmdb
[2026-05-22 07:16:24] [WARNING] 下载失败，等待重试...
[2026-05-22 07:16:34] [INFO] 下载尝试 3/3: Country.mmdb
[2026-05-22 07:17:05] [INFO] 下载尝试 1/3: Country.mmdb.sha256sum
[2026-05-22 07:17:26] [WARNING] 下载失败，等待重试...
========================================
[2026-05-22 07:20:37] 开始更新 GeoIP 数据库
========================================
[2026-05-22 07:20:37] [INFO] 脚本目录: /c/Users/sunbingchen/工作区/GoAccess-管理/GeoIP
[2026-05-22 07:20:38] [INFO] GeoIP 目录: /c/Users/sunbingchen/工作区/GoAccess-管理/GeoIP
========================================
[2026-05-22 07:20:49] 开始更新 GeoIP 数据库
========================================
[2026-05-22 07:20:49] [INFO] 脚本目录: /c/Users/sunbingchen/工作区/GoAccess-管理/GeoIP
[2026-05-22 07:20:49] [INFO] GeoIP 目录: /c/Users/sunbingchen/工作区/GoAccess-管理/GeoIP
[2026-05-22 07:20:49] [INFO] 检测操作系统...
[2026-05-22 07:20:49] [INFO] 检测到 Windows 系统 (Git Bash)
[2026-05-22 07:20:49] [INFO] 检查磁盘空间...
[2026-05-22 07:20:50] [INFO] 获取最新 release 版本...
[2026-05-22 07:20:51] [INFO] 尝试从 GitHub 下载...
[2026-05-22 07:20:51] [INFO] 下载地址: https://github.com/Loyalsoldier/geoip/releases/download/202605210051/Country.mmdb
[2026-05-22 07:20:51] [INFO] 下载尝试 1/3: Country.mmdb
[2026-05-22 07:21:12] [WARNING] 下载失败，等待重试...
[2026-05-22 07:21:23] [INFO] 下载尝试 2/3: Country.mmdb
[2026-05-22 07:21:56] [INFO] 尝试从 GitHub 下载...
[2026-05-22 07:21:56] [INFO] 下载地址: https://github.com/Loyalsoldier/geoip/releases/download/202605210051/Country.mmdb.sha256sum
[2026-05-22 07:21:56] [INFO] 下载尝试 1/3: Country.mmdb.sha256sum
[2026-05-22 07:22:18] [WARNING] 下载失败，等待重试...
[2026-05-22 07:22:28] [INFO] 下载尝试 2/3: Country.mmdb.sha256sum
[2026-05-22 07:22:46] [INFO] 验证 SHA256 校验和...
[2026-05-22 07:22:47] [INFO] 验证下载的文件...
[2026-05-22 07:22:47] [INFO] 移动新文件到目标位置...
[2026-05-22 07:22:48] [INFO] 清理旧的备份文件...
[2026-05-22 07:22:48] [INFO] 没有需要清理的备份文件
========================================
[2026-05-22 07:24:24] 开始更新 GeoIP 数据库
========================================
[2026-05-22 07:24:24] [INFO] 脚本目录: /c/Users/sunbingchen/工作区/GoAccess-管理/GeoIP
[2026-05-22 07:24:24] [INFO] GeoIP 目录: /c/Users/sunbingchen/工作区/GoAccess-管理/GeoIP
[2026-05-22 07:24:24] [INFO] 检测操作系统...
[2026-05-22 07:24:24] [INFO] 检测到 Windows 系统 (Git Bash)
[2026-05-22 07:24:24] [INFO] 检查磁盘空间...
[2026-05-22 07:24:25] [INFO] 获取最新 release 版本...
[2026-05-22 07:24:26] [INFO] 尝试从 GitHub 下载...
[2026-05-22 07:24:26] [INFO] 下载地址: https://github.com/Loyalsoldier/geoip/releases/download/202605210051/Country.mmdb
[2026-05-22 07:24:26] [INFO] 下载尝试 1/3: Country.mmdb
========================================
[2026-05-22 07:26:54] 开始更新 GeoIP 数据库
========================================
[2026-05-22 07:26:54] [INFO] 脚本目录: /c/Users/sunbingchen/工作区/GoAccess-管理/GeoIP
[2026-05-22 07:26:54] [INFO] GeoIP 目录: /c/Users/sunbingchen/工作区/GoAccess-管理/GeoIP
[2026-05-22 07:26:54] [INFO] 检测操作系统...
[2026-05-22 07:26:54] [INFO] 检测到 Windows 系统 (Git Bash)
[2026-05-22 07:26:54] [INFO] 检查磁盘空间...
========================================
[2026-05-22 07:27:07] 开始更新 GeoIP 数据库
========================================
[2026-05-22 07:27:08] [INFO] 脚本目录: /c/Users/sunbingchen/工作区/GoAccess-管理/GeoIP
[2026-05-22 07:27:08] [INFO] GeoIP 目录: /c/Users/sunbingchen/工作区/GoAccess-管理/GeoIP
[2026-05-22 07:27:08] [INFO] 检测操作系统...
[2026-05-22 07:27:08] [INFO] 检测到 Windows 系统 (Git Bash)
[2026-05-22 07:27:08] [INFO] 检查磁盘空间...
[2026-05-22 07:27:08] [INFO] 获取最新 release 版本...
[2026-05-22 07:27:10] [INFO] 尝试从 GitHub 下载...
[2026-05-22 07:27:10] [INFO] 下载地址: https://github.com/Loyalsoldier/geoip/releases/download/202605210051/Country.mmdb
[2026-05-22 07:27:10] [INFO] 下载尝试 1/3: Country.mmdb
========================================
[2026-05-22 07:29:56] 开始更新 GeoIP 数据库
========================================
[2026-05-22 07:29:56] [INFO] 脚本目录: /c/Users/sunbingchen/工作区/GoAccess-管理/GeoIP
[2026-05-22 07:29:57] [INFO] GeoIP 目录: /c/Users/sunbingchen/工作区/GoAccess-管理/GeoIP
[2026-05-22 07:29:57] [INFO] 检测操作系统...
[2026-05-22 07:29:57] [INFO] 检测到 Windows 系统 (Git Bash)
[2026-05-22 07:29:57] [INFO] 检查磁盘空间...
========================================
[2026-05-22 07:30:34] 开始更新 GeoIP 数据库
========================================
[2026-05-22 07:30:34] [INFO] 脚本目录: /c/Users/sunbingchen/工作区/GoAccess-管理/GeoIP
[2026-05-22 07:30:34] [INFO] GeoIP 目录: /c/Users/sunbingchen/工作区/GoAccess-管理/GeoIP
[2026-05-22 07:30:34] [INFO] 检测操作系统...
[2026-05-22 07:30:34] [INFO] 检测到 Windows 系统 (Git Bash)
[2026-05-22 07:30:34] [INFO] 检查磁盘空间...
[2026-05-22 07:30:34] [INFO] 获取最新 release 版本...
[2026-05-22 07:30:35] [INFO] 尝试从 GitHub 下载...
[2026-05-22 07:30:35] [INFO] 下载地址: https://github.com/Loyalsoldier/geoip/releases/download/202605210051/Country.mmdb
[2026-05-22 07:30:36] [INFO] 下载尝试 1/3: Country.mmdb
[2026-05-22 07:30:57] [WARNING] 下载失败，等待重试...
[2026-05-22 07:31:07] [INFO] 下载尝试 2/3: Country.mmdb
[2026-05-22 07:31:34] [INFO] 尝试从 GitHub 下载...
[2026-05-22 07:31:34] [INFO] 下载地址: https://github.com/Loyalsoldier/geoip/releases/download/202605210051/Country.mmdb.sha256sum
[2026-05-22 07:31:34] [INFO] 下载尝试 1/3: Country.mmdb.sha256sum
[2026-05-22 07:31:56] [WARNING] 下载失败，等待重试...
[2026-05-22 07:32:06] [INFO] 下载尝试 2/3: Country.mmdb.sha256sum
[2026-05-22 07:32:27] [WARNING] 下载失败，等待重试...
[2026-05-22 07:32:37] [INFO] 下载尝试 3/3: Country.mmdb.sha256sum
[2026-05-22 07:32:58] [WARNING] 下载失败，等待重试...
[2026-05-22 07:33:08] [WARNING] GitHub 下载失败，尝试下一个 CDN...
[2026-05-22 07:33:14] [INFO] 尝试从 JSDelivr 下载...
[2026-05-22 07:33:14] [INFO] 下载地址: https://cdn.jsdelivr.net/gh/Loyalsoldier/geoip@202605210051/Country.mmdb.sha256sum
[2026-05-22 07:33:14] [INFO] 下载尝试 1/3: Country.mmdb.sha256sum
[2026-05-22 07:33:15] [INFO] 验证 SHA256 校验和...
[2026-05-22 07:33:16] [ERROR] SHA256 校验失败
[2026-05-22 07:33:16] [ERROR] 期望: Couldn't
[2026-05-22 07:33:16] [ERROR] 实际: 12bb95152b349818de5d5166d9866e99dcc9979fafc74add7a86a6325bda4d32
[2026-05-22 07:33:16] [ERROR] 校验失败，删除下载的文件
[2026-05-22 07:33:16] [INFO] 尝试从 GitHub 下载...
[2026-05-22 07:33:16] [INFO] 下载地址: https://github.com/Loyalsoldier/geoip/releases/download/202605210051/Country-asn.mmdb
[2026-05-22 07:33:16] [INFO] 下载尝试 1/3: Country-asn.mmdb
[2026-05-22 07:33:22] [INFO] 尝试从 GitHub 下载...
[2026-05-22 07:33:22] [INFO] 下载地址: https://github.com/Loyalsoldier/geoip/releases/download/202605210051/Country-asn.mmdb.sha256sum
[2026-05-22 07:33:22] [INFO] 下载尝试 1/3: Country-asn.mmdb.sha256sum
[2026-05-22 07:33:43] [WARNING] 下载失败，等待重试...
[2026-05-22 07:33:53] [INFO] 下载尝试 2/3: Country-asn.mmdb.sha256sum
[2026-05-22 07:34:15] [WARNING] 下载失败，等待重试...
[2026-05-22 07:34:25] [INFO] 下载尝试 3/3: Country-asn.mmdb.sha256sum
[2026-05-22 07:34:46] [WARNING] 下载失败，等待重试...
[2026-05-22 07:34:56] [WARNING] GitHub 下载失败，尝试下一个 CDN...
[2026-05-22 07:35:01] [INFO] 尝试从 JSDelivr 下载...
[2026-05-22 07:35:01] [INFO] 下载地址: https://cdn.jsdelivr.net/gh/Loyalsoldier/geoip@202605210051/Country-asn.mmdb.sha256sum
[2026-05-22 07:35:01] [INFO] 下载尝试 1/3: Country-asn.mmdb.sha256sum
[2026-05-22 07:35:03] [INFO] 验证 SHA256 校验和...
[2026-05-22 07:35:03] [ERROR] SHA256 校验失败
[2026-05-22 07:35:03] [ERROR] 期望: Couldn't
[2026-05-22 07:35:03] [ERROR] 实际: a9b5f93aceeca78f852600dddb35991d84e934e93ed8906e043902fb04d2fef6
[2026-05-22 07:35:03] [ERROR] 校验失败，删除下载的文件
[2026-05-22 07:35:03] [INFO] 清理旧的备份文件...
[2026-05-22 07:35:03] [INFO] 没有需要清理的备份文件
========================================
[2026-05-22 07:36:15] 开始更新 GeoIP 数据库
========================================
[2026-05-22 07:36:16] [INFO] 脚本目录: /c/Users/sunbingchen/工作区/GoAccess-管理/GeoIP
[2026-05-22 07:36:16] [INFO] GeoIP 目录: /c/Users/sunbingchen/工作区/GoAccess-管理/GeoIP
[2026-05-22 07:36:16] [INFO] 检测操作系统...
[2026-05-22 07:36:16] [INFO] 检测到 Windows 系统 (Git Bash)
[2026-05-22 07:36:16] [INFO] 检查磁盘空间...
[2026-05-22 07:36:16] [INFO] 获取最新 release 版本...
[2026-05-22 07:36:17] [INFO] 尝试从 GitHub 下载...
[2026-05-22 07:36:17] [INFO] 下载地址: https://github.com/Loyalsoldier/geoip/releases/download/202605210051/Country-asn.mmdb
[2026-05-22 07:36:18] [INFO] 下载尝试 1/3: Country-asn.mmdb
[2026-05-22 07:36:47] [INFO] 尝试从 GitHub 下载...
[2026-05-22 07:36:47] [INFO] 下载地址: https://github.com/Loyalsoldier/geoip/releases/download/202605210051/Country-asn.mmdb.sha256sum
[2026-05-22 07:36:47] [INFO] 下载尝试 1/3: Country-asn.mmdb.sha256sum
[2026-05-22 07:37:05] [INFO] 验证 SHA256 校验和...
[2026-05-22 07:37:06] [INFO] 验证下载的文件...
[2026-05-22 07:37:07] [ERROR] 文件大小异常: 194336 bytes，可能下载失败
[2026-05-22 07:37:07] [ERROR] 更新失败
[2026-05-22 07:37:07] [INFO] 清理旧的备份文件...
[2026-05-22 07:37:07] [INFO] 没有需要清理的备份文件
========================================
[2026-05-22 07:38:11] 开始更新 GeoIP 数据库
========================================
[2026-05-22 07:38:12] [INFO] 脚本目录: /c/Users/sunbingchen/工作区/GoAccess-管理/GeoIP
[2026-05-22 07:38:12] [INFO] GeoIP 目录: /c/Users/sunbingchen/工作区/GoAccess-管理/GeoIP
[2026-05-22 07:38:12] [INFO] 检测操作系统...
[2026-05-22 07:38:12] [INFO] 检测到 Windows 系统 (Git Bash)
[2026-05-22 07:38:12] [INFO] 检查磁盘空间...
[2026-05-22 07:38:12] [INFO] 获取最新 release 版本...
[2026-05-22 07:38:14] [INFO] 尝试从 GitHub 下载...
[2026-05-22 07:38:14] [INFO] 下载地址: https://github.com/Loyalsoldier/geoip/releases/download/202605210051/Country-asn.mmdb
[2026-05-22 07:38:14] [INFO] 下载尝试 1/3: Country-asn.mmdb
[2026-05-22 07:38:29] [INFO] 尝试从 GitHub 下载...
[2026-05-22 07:38:29] [INFO] 下载地址: https://github.com/Loyalsoldier/geoip/releases/download/202605210051/Country-asn.mmdb.sha256sum
[2026-05-22 07:38:29] [INFO] 下载尝试 1/3: Country-asn.mmdb.sha256sum
[2026-05-22 07:38:31] [INFO] 验证 SHA256 校验和...
[2026-05-22 07:38:32] [INFO] 验证下载的文件...
[2026-05-22 07:38:32] [INFO] 移动新文件到目标位置...
[2026-05-22 07:38:33] [INFO] 清理旧的备份文件...
[2026-05-22 07:38:33] [INFO] 没有需要清理的备份文件
========================================
[2026-05-22 07:39:11] 开始更新 GeoIP 数据库
========================================
[2026-05-22 07:39:11] [INFO] 脚本目录: /c/Users/sunbingchen/工作区/GoAccess-管理/GeoIP
[2026-05-22 07:39:11] [INFO] GeoIP 目录: /c/Users/sunbingchen/工作区/GoAccess-管理/GeoIP
[2026-05-22 07:39:11] [INFO] 检测操作系统...
[2026-05-22 07:39:11] [INFO] 检测到 Windows 系统 (Git Bash)
[2026-05-22 07:39:11] [INFO] 检查磁盘空间...
[2026-05-22 07:39:12] [INFO] 获取最新 release 版本...
[2026-05-22 07:39:13] [INFO] 尝试从 GitHub 下载...
[2026-05-22 07:39:13] [INFO] 下载地址: https://github.com/Loyalsoldier/geoip/releases/download/202605210051/Country.mmdb
[2026-05-22 07:39:13] [INFO] 下载尝试 1/3: Country.mmdb
[2026-05-22 07:39:37] [INFO] 尝试从 GitHub 下载...
[2026-05-22 07:39:37] [INFO] 下载地址: https://github.com/Loyalsoldier/geoip/releases/download/202605210051/Country.mmdb.sha256sum
[2026-05-22 07:39:37] [INFO] 下载尝试 1/3: Country.mmdb.sha256sum
[2026-05-22 07:39:39] [INFO] 验证 SHA256 校验和...
[2026-05-22 07:39:39] [INFO] 验证下载的文件...
[2026-05-22 07:39:40] [INFO] 移动新文件到目标位置...
[2026-05-22 07:39:40] [INFO] 清理旧的备份文件...
[2026-05-22 07:39:41] [INFO] 没有需要清理的备份文件
========================================
[2026-05-22 07:40:02] 开始更新 GeoIP 数据库
========================================
[2026-05-22 07:40:03] [INFO] 脚本目录: /c/Users/sunbingchen/工作区/GoAccess-管理/GeoIP
[2026-05-22 07:40:03] [INFO] GeoIP 目录: /c/Users/sunbingchen/工作区/GoAccess-管理/GeoIP
[2026-05-22 07:40:03] [INFO] 检测操作系统...
[2026-05-22 07:40:03] [INFO] 检测到 Windows 系统 (Git Bash)
[2026-05-22 07:40:03] [INFO] 检查磁盘空间...
