2026-05-22 07:13:51 | HOST=sunbingchen-pc | FROM=sunbingchen(197611) -> TO=sunbingchen(197611) | TTY=/dev/cons0 | PWD=/c/Users/sunbingchen/工作区/GoAccess-管理/GeoIP | SCRIPT=更新GeoLite2.sh | ACTION=SCRIPT_START | ARGS=--help
2026-05-22 07:14:06 | HOST=sunbingchen-pc | FROM=sunbingchen(197611) -> TO=sunbingchen(197611) | TTY=/dev/cons0 | PWD=/c/Users/sunbingchen/工作区/GoAccess-管理/GeoIP | SCRIPT=更新GeoLite2.sh | ACTION=SCRIPT_START | ARGS=-v
2026-05-22 07:15:30 | HOST=sunbingchen-pc | FROM=sunbingchen(197611) -> TO=sunbingchen(197611) | TTY=/dev/cons0 | PWD=/c/Users/sunbingchen/工作区/GoAccess-管理/GeoIP | SCRIPT=更新GeoLite2.sh | ACTION=SCRIPT_START | ARGS=-c
2026-05-22 07:20:37 | HOST=sunbingchen-pc | FROM=sunbingchen(197611) -> TO=sunbingchen(197611) | TTY=/dev/cons0 | PWD=/c/Users/sunbingchen/工作区/GoAccess-管理/GeoIP | SCRIPT=更新GeoLite2.sh | ACTION=SCRIPT_START | ARGS=--help
2026-05-22 07:20:49 | HOST=sunbingchen-pc | FROM=sunbingchen(197611) -> TO=sunbingchen(197611) | TTY=/dev/cons0 | PWD=/c/Users/sunbingchen/工作区/GoAccess-管理/GeoIP | SCRIPT=更新GeoLite2.sh | ACTION=SCRIPT_START | ARGS=-c
2026-05-22 07:22:48 | HOST=sunbingchen-pc | FROM=sunbingchen(197611) -> TO=sunbingchen(197611) | TTY=/dev/cons0 | PWD=/c/Users/sunbingchen/工作区/GoAccess-管理/GeoIP | SCRIPT=更新GeoLite2.sh | ACTION=GEOIP_UPDATE_COMPLETE | VERSION=202605210051 | CITY=true | ASN=false | FORCE=false
2026-05-22 07:22:48 | HOST=sunbingchen-pc | FROM=sunbingchen(197611) -> TO=sunbingchen(197611) | TTY=/dev/cons0 | PWD=/c/Users/sunbingchen/工作区/GoAccess-管理/GeoIP | SCRIPT=更新GeoLite2.sh | ACTION=SCRIPT_END | EXIT_CODE=0
2026-05-22 07:24:24 | HOST=sunbingchen-pc | FROM=sunbingchen(197611) -> TO=sunbingchen(197611) | TTY=/dev/cons0 | PWD=/c/Users/sunbingchen/工作区/GoAccess-管理/GeoIP | SCRIPT=更新GeoLite2.sh | ACTION=SCRIPT_START | ARGS=
2026-05-22 07:26:54 | HOST=sunbingchen-pc | FROM=sunbingchen(197611) -> TO=sunbingchen(197611) | TTY=/dev/cons0 | PWD=/c/Users/sunbingchen/工作区/GoAccess-管理/GeoIP | SCRIPT=更新GeoLite2.sh | ACTION=SCRIPT_START | ARGS=-v
2026-05-22 07:27:07 | HOST=sunbingchen-pc | FROM=sunbingchen(197611) -> TO=sunbingchen(197611) | TTY=/dev/cons0 | PWD=/c/Users/sunbingchen/工作区/GoAccess-管理/GeoIP | SCRIPT=更新GeoLite2.sh | ACTION=SCRIPT_START | ARGS=-f -c
2026-05-22 07:29:56 | HOST=sunbingchen-pc | FROM=sunbingchen(197611) -> TO=sunbingchen(197611) | TTY=/dev/cons0 | PWD=/c/Users/sunbingchen/工作区/GoAccess-管理/GeoIP | SCRIPT=更新GeoLite2.sh | ACTION=SCRIPT_START | ARGS=-v
2026-05-22 07:30:34 | HOST=sunbingchen-pc | FROM=sunbingchen(197611) -> TO=sunbingchen(197611) | TTY=/dev/cons0 | PWD=/c/Users/sunbingchen/工作区/GoAccess-管理/GeoIP | SCRIPT=更新GeoLite2.sh | ACTION=SCRIPT_START | ARGS=
2026-05-22 07:35:03 | HOST=sunbingchen-pc | FROM=sunbingchen(197611) -> TO=sunbingchen(197611) | TTY=/dev/cons0 | PWD=/c/Users/sunbingchen/工作区/GoAccess-管理/GeoIP | SCRIPT=更新GeoLite2.sh | ACTION=GEOIP_UPDATE_COMPLETE | VERSION=202605210051 | CITY=true | ASN=true | FORCE=false
2026-05-22 07:35:04 | HOST=sunbingchen-pc | FROM=sunbingchen(197611) -> TO=sunbingchen(197611) | TTY=/dev/cons0 | PWD=/c/Users/sunbingchen/工作区/GoAccess-管理/GeoIP | SCRIPT=更新GeoLite2.sh | ACTION=SCRIPT_END | EXIT_CODE=0
2026-05-22 07:36:15 | HOST=sunbingchen-pc | FROM=sunbingchen(197611) -> TO=sunbingchen(197611) | TTY=/dev/cons0 | PWD=/c/Users/sunbingchen/工作区/GoAccess-管理/GeoIP | SCRIPT=更新GeoLite2.sh | ACTION=SCRIPT_START | ARGS=-a
2026-05-22 07:37:07 | HOST=sunbingchen-pc | FROM=sunbingchen(197611) -> TO=sunbingchen(197611) | TTY=/dev/cons0 | PWD=/c/Users/sunbingchen/工作区/GoAccess-管理/GeoIP | SCRIPT=更新GeoLite2.sh | ACTION=GEOIP_UPDATE_COMPLETE | VERSION=202605210051 | CITY=false | ASN=true | FORCE=false
2026-05-22 07:37:08 | HOST=sunbingchen-pc | FROM=sunbingchen(197611) -> TO=sunbingchen(197611) | TTY=/dev/cons0 | PWD=/c/Users/sunbingchen/工作区/GoAccess-管理/GeoIP | SCRIPT=更新GeoLite2.sh | ACTION=SCRIPT_END | EXIT_CODE=0
2026-05-22 07:38:12 | HOST=sunbingchen-pc | FROM=sunbingchen(197611) -> TO=sunbingchen(197611) | TTY=/dev/cons0 | PWD=/c/Users/sunbingchen/工作区/GoAccess-管理/GeoIP | SCRIPT=更新GeoLite2.sh | ACTION=SCRIPT_START | ARGS=-a
2026-05-22 07:38:33 | HOST=sunbingchen-pc | FROM=sunbingchen(197611) -> TO=sunbingchen(197611) | TTY=/dev/cons0 | PWD=/c/Users/sunbingchen/工作区/GoAccess-管理/GeoIP | SCRIPT=更新GeoLite2.sh | ACTION=GEOIP_UPDATE_COMPLETE | VERSION=202605210051 | CITY=false | ASN=true | FORCE=false
2026-05-22 07:38:33 | HOST=sunbingchen-pc | FROM=sunbingchen(197611) -> TO=sunbingchen(197611) | TTY=/dev/cons0 | PWD=/c/Users/sunbingchen/工作区/GoAccess-管理/GeoIP | SCRIPT=更新GeoLite2.sh | ACTION=SCRIPT_END | EXIT_CODE=0
2026-05-22 07:39:11 | HOST=sunbingchen-pc | FROM=sunbingchen(197611) -> TO=sunbingchen(197611) | TTY=/dev/cons0 | PWD=/c/Users/sunbingchen/工作区/GoAccess-管理/GeoIP | SCRIPT=更新GeoLite2.sh | ACTION=SCRIPT_START | ARGS=-c
2026-05-22 07:39:41 | HOST=sunbingchen-pc | FROM=sunbingchen(197611) -> TO=sunbingchen(197611) | TTY=/dev/cons0 | PWD=/c/Users/sunbingchen/工作区/GoAccess-管理/GeoIP | SCRIPT=更新GeoLite2.sh | ACTION=GEOIP_UPDATE_COMPLETE | VERSION=202605210051 | CITY=true | ASN=false | FORCE=false
2026-05-22 07:39:41 | HOST=sunbingchen-pc | FROM=sunbingchen(197611) -> TO=sunbingchen(197611) | TTY=/dev/cons0 | PWD=/c/Users/sunbingchen/工作区/GoAccess-管理/GeoIP | SCRIPT=更新GeoLite2.sh | ACTION=SCRIPT_END | EXIT_CODE=0
2026-05-22 07:40:02 | HOST=sunbingchen-pc | FROM=sunbingchen(197611) -> TO=sunbingchen(197611) | TTY=/dev/cons0 | PWD=/c/Users/sunbingchen/工作区/GoAccess-管理/GeoIP | SCRIPT=更新GeoLite2.sh | ACTION=SCRIPT_START | ARGS=-v
